2024-11-16 17:35:16,193 INFO o.a.j.u.JMeterUtils: Setting Locale to en_EN
2024-11-16 17:35:16,320 INFO o.a.j.JMeter: Loading user properties from: user.properties
2024-11-16 17:35:16,341 INFO o.a.j.JMeter: Loading system properties from: system.properties
2024-11-16 17:35:16,384 INFO o.a.j.JMeter: Copyright (c) 1998-2024 The Apache Software Foundation
2024-11-16 17:35:16,385 INFO o.a.j.JMeter: Version 5.6.3
2024-11-16 17:35:16,385 INFO o.a.j.JMeter: java.version=21.0.1
2024-11-16 17:35:16,385 INFO o.a.j.JMeter: java.vm.name=Java HotSpot(TM) 64-Bit Server VM
2024-11-16 17:35:16,385 INFO o.a.j.JMeter: os.name=Windows 11
2024-11-16 17:35:16,386 INFO o.a.j.JMeter: os.arch=amd64
2024-11-16 17:35:16,386 INFO o.a.j.JMeter: os.version=10.0
2024-11-16 17:35:16,386 INFO o.a.j.JMeter: file.encoding=UTF-8
2024-11-16 17:35:16,386 INFO o.a.j.JMeter: java.awt.headless=null
2024-11-16 17:35:16,387 INFO o.a.j.JMeter: Max memory     =1073741824
2024-11-16 17:35:16,387 INFO o.a.j.JMeter: Available Processors =8
2024-11-16 17:35:16,413 INFO o.a.j.JMeter: Default Locale=English (EN)
2024-11-16 17:35:16,413 INFO o.a.j.JMeter: JMeter  Locale=English (EN)
2024-11-16 17:35:16,413 INFO o.a.j.JMeter: JMeterHome=E:\All Softwares\apache-jmeter-5.6.3\apache-jmeter-5.6.3
2024-11-16 17:35:16,414 INFO o.a.j.JMeter: user.dir  =E:\All Softwares\apache-jmeter-5.6.3\apache-jmeter-5.6.3\bin
2024-11-16 17:35:16,414 INFO o.a.j.JMeter: PWD       =E:\All Softwares\apache-jmeter-5.6.3\apache-jmeter-5.6.3\bin
2024-11-16 17:35:16,417 INFO o.a.j.JMeter: IP: 192.168.18.78 Name: DESKTOP-4TF7BK4 FullName: DESKTOP-4TF7BK4
2024-11-16 17:35:16,474 INFO o.a.j.JMeter: Loaded icon properties from org/apache/jmeter/images/icon.properties
2024-11-16 17:35:17,054 INFO o.a.j.JMeterGuiLauncher: Setting LAF to: laf:com.sun.java.swing.plaf.windows.WindowsLookAndFeel
2024-11-16 17:35:19,693 INFO o.a.j.r.ClassFinder: Will scan jar E:\All Softwares\apache-jmeter-5.6.3\apache-jmeter-5.6.3\lib\ext\jmeter-plugins-manager-1.10.jar with filter ExtendsClassFilter [parents=[interface org.apache.jmeter.gui.action.Command], inner=false, contains=null, notContains=null]. Consider exposing JMeter plugins via META-INF/services, and add JMeter-Skip-Class-Scanning=true manifest attribute so JMeter can skip classfile scanning
2024-11-16 17:35:19,932 INFO o.a.j.r.ClassFinder: Will scan jar E:\All Softwares\apache-jmeter-5.6.3\apache-jmeter-5.6.3\lib\ext\perfmon-2.2.2.jar with filter ExtendsClassFilter [parents=[interface org.apache.jmeter.gui.action.Command], inner=false, contains=null, notContains=null]. Consider exposing JMeter plugins via META-INF/services, and add JMeter-Skip-Class-Scanning=true manifest attribute so JMeter can skip classfile scanning
2024-11-16 17:35:19,944 INFO o.a.j.r.ClassFinder: Will scan jar E:\All Softwares\apache-jmeter-5.6.3\apache-jmeter-5.6.3\lib\ext\jmeter-plugins-perfmon-2.1.jar with filter ExtendsClassFilter [parents=[interface org.apache.jmeter.gui.action.Command], inner=false, contains=null, notContains=null]. Consider exposing JMeter plugins via META-INF/services, and add JMeter-Skip-Class-Scanning=true manifest attribute so JMeter can skip classfile scanning
2024-11-16 17:35:19,963 INFO o.a.j.r.ClassFinder: Will scan jar E:\All Softwares\apache-jmeter-5.6.3\apache-jmeter-5.6.3\lib\ext\json-lib-2.4-jdk15.jar with filter ExtendsClassFilter [parents=[interface org.apache.jmeter.gui.action.Command], inner=false, contains=null, notContains=null]. Consider exposing JMeter plugins via META-INF/services, and add JMeter-Skip-Class-Scanning=true manifest attribute so JMeter can skip classfile scanning
2024-11-16 17:35:19,964 INFO o.a.j.r.ClassFinder: Will scan jar E:\All Softwares\apache-jmeter-5.6.3\apache-jmeter-5.6.3\lib\ext\jmeter-debugger-0.6.jar with filter ExtendsClassFilter [parents=[interface org.apache.jmeter.gui.action.Command], inner=false, contains=null, notContains=null]. Consider exposing JMeter plugins via META-INF/services, and add JMeter-Skip-Class-Scanning=true manifest attribute so JMeter can skip classfile scanning
2024-11-16 17:35:19,997 INFO o.a.j.r.ClassFinder: Will scan jar E:\All Softwares\apache-jmeter-5.6.3\apache-jmeter-5.6.3\lib\ext\jmeter-plugins-cmn-jmeter-0.7.jar with filter ExtendsClassFilter [parents=[interface org.apache.jmeter.gui.action.Command], inner=false, contains=null, notContains=null]. Consider exposing JMeter plugins via META-INF/services, and add JMeter-Skip-Class-Scanning=true manifest attribute so JMeter can skip classfile scanning
2024-11-16 17:35:20,125 INFO o.a.j.r.ClassFinder: Will scan jar E:\All Softwares\apache-jmeter-5.6.3\apache-jmeter-5.6.3\lib\ext\jmeter-plugins-manager-1.10.jar with filter ExtendsClassFilter [parents=[interface org.apache.jmeter.gui.plugin.MenuCreator], inner=false, contains=null, notContains=null]. Consider exposing JMeter plugins via META-INF/services, and add JMeter-Skip-Class-Scanning=true manifest attribute so JMeter can skip classfile scanning
2024-11-16 17:35:20,131 INFO o.a.j.r.ClassFinder: Will scan jar E:\All Softwares\apache-jmeter-5.6.3\apache-jmeter-5.6.3\lib\ext\perfmon-2.2.2.jar with filter ExtendsClassFilter [parents=[interface org.apache.jmeter.gui.plugin.MenuCreator], inner=false, contains=null, notContains=null]. Consider exposing JMeter plugins via META-INF/services, and add JMeter-Skip-Class-Scanning=true manifest attribute so JMeter can skip classfile scanning
2024-11-16 17:35:20,132 INFO o.a.j.r.ClassFinder: Will scan jar E:\All Softwares\apache-jmeter-5.6.3\apache-jmeter-5.6.3\lib\ext\jmeter-plugins-perfmon-2.1.jar with filter ExtendsClassFilter [parents=[interface org.apache.jmeter.gui.plugin.MenuCreator], inner=false, contains=null, notContains=null]. Consider exposing JMeter plugins via META-INF/services, and add JMeter-Skip-Class-Scanning=true manifest attribute so JMeter can skip classfile scanning
2024-11-16 17:35:20,135 INFO o.a.j.r.ClassFinder: Will scan jar E:\All Softwares\apache-jmeter-5.6.3\apache-jmeter-5.6.3\lib\ext\json-lib-2.4-jdk15.jar with filter ExtendsClassFilter [parents=[interface org.apache.jmeter.gui.plugin.MenuCreator], inner=false, contains=null, notContains=null]. Consider exposing JMeter plugins via META-INF/services, and add JMeter-Skip-Class-Scanning=true manifest attribute so JMeter can skip classfile scanning
2024-11-16 17:35:20,137 INFO o.a.j.r.ClassFinder: Will scan jar E:\All Softwares\apache-jmeter-5.6.3\apache-jmeter-5.6.3\lib\ext\jmeter-debugger-0.6.jar with filter ExtendsClassFilter [parents=[interface org.apache.jmeter.gui.plugin.MenuCreator], inner=false, contains=null, notContains=null]. Consider exposing JMeter plugins via META-INF/services, and add JMeter-Skip-Class-Scanning=true manifest attribute so JMeter can skip classfile scanning
2024-11-16 17:35:20,139 INFO o.a.j.r.ClassFinder: Will scan jar E:\All Softwares\apache-jmeter-5.6.3\apache-jmeter-5.6.3\lib\ext\jmeter-plugins-cmn-jmeter-0.7.jar with filter ExtendsClassFilter [parents=[interface org.apache.jmeter.gui.plugin.MenuCreator], inner=false, contains=null, notContains=null]. Consider exposing JMeter plugins via META-INF/services, and add JMeter-Skip-Class-Scanning=true manifest attribute so JMeter can skip classfile scanning
2024-11-16 17:35:20,682 INFO o.j.r.JARSourceHTTP: Requesting https://jmeter-plugins.org/repo/?installID=windows_11-2d169335458c5432c6c672d4adfe6a58-gui
2024-11-16 17:35:26,745 INFO o.j.r.PluginManager: Plugins Status: [blazemeter-debugger=0.6, jpgc-perfmon=2.1, jpgc-plugins-manager=1.10, jmeter-core=5.6.3, jmeter-ftp=5.6.3, jmeter-http=5.6.3, jmeter-jdbc=5.6.3, jmeter-jms=5.6.3, jmeter-junit=5.6.3, jmeter-java=5.6.3, jmeter-ldap=5.6.3, jmeter-mail=5.6.3, jmeter-mongodb=5.6.3, jmeter-native=5.6.3, jmeter-tcp=5.6.3, jmeter-components=5.6.3]
